ARM GAS  C:\Users\SAURAV~1\AppData\Local\Temp\ccLZlY0F.s 			page 1


   1              		.cpu cortex-m3
   2              		.arch armv7-m
   3              		.fpu softvfp
   4              		.eabi_attribute 20, 1
   5              		.eabi_attribute 21, 1
   6              		.eabi_attribute 23, 3
   7              		.eabi_attribute 24, 1
   8              		.eabi_attribute 25, 1
   9              		.eabi_attribute 26, 1
  10              		.eabi_attribute 30, 1
  11              		.eabi_attribute 34, 1
  12              		.eabi_attribute 18, 4
  13              		.file	"stm32f1xx_hal_msp.c"
  14              		.text
  15              	.Ltext0:
  16              		.cfi_sections	.debug_frame
  17              		.section	.text.HAL_MspInit,"ax",%progbits
  18              		.align	1
  19              		.global	HAL_MspInit
  20              		.syntax unified
  21              		.thumb
  22              		.thumb_func
  24              	HAL_MspInit:
  25              	.LFB65:
  26              		.file 1 "Core/Src/stm32f1xx_hal_msp.c"
   1:Core/Src/stm32f1xx_hal_msp.c **** /* USER CODE BEGIN Header */
   2:Core/Src/stm32f1xx_hal_msp.c **** /**
   3:Core/Src/stm32f1xx_hal_msp.c ****   ******************************************************************************
   4:Core/Src/stm32f1xx_hal_msp.c ****   * @file         stm32f1xx_hal_msp.c
   5:Core/Src/stm32f1xx_hal_msp.c ****   * @brief        This file provides code for the MSP Initialization
   6:Core/Src/stm32f1xx_hal_msp.c ****   *               and de-Initialization codes.
   7:Core/Src/stm32f1xx_hal_msp.c ****   ******************************************************************************
   8:Core/Src/stm32f1xx_hal_msp.c ****   * @attention
   9:Core/Src/stm32f1xx_hal_msp.c ****   *
  10:Core/Src/stm32f1xx_hal_msp.c ****   * Copyright (c) 2023 STMicroelectronics.
  11:Core/Src/stm32f1xx_hal_msp.c ****   * All rights reserved.
  12:Core/Src/stm32f1xx_hal_msp.c ****   *
  13:Core/Src/stm32f1xx_hal_msp.c ****   * This software is licensed under terms that can be found in the LICENSE file
  14:Core/Src/stm32f1xx_hal_msp.c ****   * in the root directory of this software component.
  15:Core/Src/stm32f1xx_hal_msp.c ****   * If no LICENSE file comes with this software, it is provided AS-IS.
  16:Core/Src/stm32f1xx_hal_msp.c ****   *
  17:Core/Src/stm32f1xx_hal_msp.c ****   ******************************************************************************
  18:Core/Src/stm32f1xx_hal_msp.c ****   */
  19:Core/Src/stm32f1xx_hal_msp.c **** /* USER CODE END Header */
  20:Core/Src/stm32f1xx_hal_msp.c **** 
  21:Core/Src/stm32f1xx_hal_msp.c **** /* Includes ------------------------------------------------------------------*/
  22:Core/Src/stm32f1xx_hal_msp.c **** #include "main.h"
  23:Core/Src/stm32f1xx_hal_msp.c **** 
  24:Core/Src/stm32f1xx_hal_msp.c **** /* USER CODE BEGIN Includes */
  25:Core/Src/stm32f1xx_hal_msp.c **** 
  26:Core/Src/stm32f1xx_hal_msp.c **** /* USER CODE END Includes */
  27:Core/Src/stm32f1xx_hal_msp.c **** 
  28:Core/Src/stm32f1xx_hal_msp.c **** /* Private typedef -----------------------------------------------------------*/
  29:Core/Src/stm32f1xx_hal_msp.c **** /* USER CODE BEGIN TD */
  30:Core/Src/stm32f1xx_hal_msp.c **** 
  31:Core/Src/stm32f1xx_hal_msp.c **** /* USER CODE END TD */
  32:Core/Src/stm32f1xx_hal_msp.c **** 
ARM GAS  C:\Users\SAURAV~1\AppData\Local\Temp\ccLZlY0F.s 			page 2


  33:Core/Src/stm32f1xx_hal_msp.c **** /* Private define ------------------------------------------------------------*/
  34:Core/Src/stm32f1xx_hal_msp.c **** /* USER CODE BEGIN Define */
  35:Core/Src/stm32f1xx_hal_msp.c **** 
  36:Core/Src/stm32f1xx_hal_msp.c **** /* USER CODE END Define */
  37:Core/Src/stm32f1xx_hal_msp.c **** 
  38:Core/Src/stm32f1xx_hal_msp.c **** /* Private macro -------------------------------------------------------------*/
  39:Core/Src/stm32f1xx_hal_msp.c **** /* USER CODE BEGIN Macro */
  40:Core/Src/stm32f1xx_hal_msp.c **** 
  41:Core/Src/stm32f1xx_hal_msp.c **** /* USER CODE END Macro */
  42:Core/Src/stm32f1xx_hal_msp.c **** 
  43:Core/Src/stm32f1xx_hal_msp.c **** /* Private variables ---------------------------------------------------------*/
  44:Core/Src/stm32f1xx_hal_msp.c **** /* USER CODE BEGIN PV */
  45:Core/Src/stm32f1xx_hal_msp.c **** 
  46:Core/Src/stm32f1xx_hal_msp.c **** /* USER CODE END PV */
  47:Core/Src/stm32f1xx_hal_msp.c **** 
  48:Core/Src/stm32f1xx_hal_msp.c **** /* Private function prototypes -----------------------------------------------*/
  49:Core/Src/stm32f1xx_hal_msp.c **** /* USER CODE BEGIN PFP */
  50:Core/Src/stm32f1xx_hal_msp.c **** 
  51:Core/Src/stm32f1xx_hal_msp.c **** /* USER CODE END PFP */
  52:Core/Src/stm32f1xx_hal_msp.c **** 
  53:Core/Src/stm32f1xx_hal_msp.c **** /* External functions --------------------------------------------------------*/
  54:Core/Src/stm32f1xx_hal_msp.c **** /* USER CODE BEGIN ExternalFunctions */
  55:Core/Src/stm32f1xx_hal_msp.c **** 
  56:Core/Src/stm32f1xx_hal_msp.c **** /* USER CODE END ExternalFunctions */
  57:Core/Src/stm32f1xx_hal_msp.c **** 
  58:Core/Src/stm32f1xx_hal_msp.c **** /* USER CODE BEGIN 0 */
  59:Core/Src/stm32f1xx_hal_msp.c **** 
  60:Core/Src/stm32f1xx_hal_msp.c **** /* USER CODE END 0 */
  61:Core/Src/stm32f1xx_hal_msp.c **** /**
  62:Core/Src/stm32f1xx_hal_msp.c ****   * Initializes the Global MSP.
  63:Core/Src/stm32f1xx_hal_msp.c ****   */
  64:Core/Src/stm32f1xx_hal_msp.c **** void HAL_MspInit(void)
  65:Core/Src/stm32f1xx_hal_msp.c **** {
  27              		.loc 1 65 1 view -0
  28              		.cfi_startproc
  29              		@ args = 0, pretend = 0, frame = 8
  30              		@ frame_needed = 0, uses_anonymous_args = 0
  31              		@ link register save eliminated.
  32 0000 82B0     		sub	sp, sp, #8
  33              	.LCFI0:
  34              		.cfi_def_cfa_offset 8
  66:Core/Src/stm32f1xx_hal_msp.c ****   /* USER CODE BEGIN MspInit 0 */
  67:Core/Src/stm32f1xx_hal_msp.c **** 
  68:Core/Src/stm32f1xx_hal_msp.c ****   /* USER CODE END MspInit 0 */
  69:Core/Src/stm32f1xx_hal_msp.c **** 
  70:Core/Src/stm32f1xx_hal_msp.c ****   __HAL_RCC_AFIO_CLK_ENABLE();
  35              		.loc 1 70 3 view .LVU1
  36              	.LBB2:
  37              		.loc 1 70 3 view .LVU2
  38              		.loc 1 70 3 view .LVU3
  39 0002 0A4B     		ldr	r3, .L3
  40 0004 9A69     		ldr	r2, [r3, #24]
  41 0006 42F00102 		orr	r2, r2, #1
  42 000a 9A61     		str	r2, [r3, #24]
  43              		.loc 1 70 3 view .LVU4
  44 000c 9A69     		ldr	r2, [r3, #24]
  45 000e 02F00102 		and	r2, r2, #1
ARM GAS  C:\Users\SAURAV~1\AppData\Local\Temp\ccLZlY0F.s 			page 3


  46 0012 0092     		str	r2, [sp]
  47              		.loc 1 70 3 view .LVU5
  48 0014 009A     		ldr	r2, [sp]
  49              	.LBE2:
  50              		.loc 1 70 3 view .LVU6
  71:Core/Src/stm32f1xx_hal_msp.c ****   __HAL_RCC_PWR_CLK_ENABLE();
  51              		.loc 1 71 3 view .LVU7
  52              	.LBB3:
  53              		.loc 1 71 3 view .LVU8
  54              		.loc 1 71 3 view .LVU9
  55 0016 DA69     		ldr	r2, [r3, #28]
  56 0018 42F08052 		orr	r2, r2, #268435456
  57 001c DA61     		str	r2, [r3, #28]
  58              		.loc 1 71 3 view .LVU10
  59 001e DB69     		ldr	r3, [r3, #28]
  60 0020 03F08053 		and	r3, r3, #268435456
  61 0024 0193     		str	r3, [sp, #4]
  62              		.loc 1 71 3 view .LVU11
  63 0026 019B     		ldr	r3, [sp, #4]
  64              	.LBE3:
  65              		.loc 1 71 3 view .LVU12
  72:Core/Src/stm32f1xx_hal_msp.c **** 
  73:Core/Src/stm32f1xx_hal_msp.c ****   /* System interrupt init*/
  74:Core/Src/stm32f1xx_hal_msp.c **** 
  75:Core/Src/stm32f1xx_hal_msp.c ****   /* USER CODE BEGIN MspInit 1 */
  76:Core/Src/stm32f1xx_hal_msp.c **** 
  77:Core/Src/stm32f1xx_hal_msp.c ****   /* USER CODE END MspInit 1 */
  78:Core/Src/stm32f1xx_hal_msp.c **** }
  66              		.loc 1 78 1 is_stmt 0 view .LVU13
  67 0028 02B0     		add	sp, sp, #8
  68              	.LCFI1:
  69              		.cfi_def_cfa_offset 0
  70              		@ sp needed
  71 002a 7047     		bx	lr
  72              	.L4:
  73              		.align	2
  74              	.L3:
  75 002c 00100240 		.word	1073876992
  76              		.cfi_endproc
  77              	.LFE65:
  79              		.section	.text.HAL_CAN_MspInit,"ax",%progbits
  80              		.align	1
  81              		.global	HAL_CAN_MspInit
  82              		.syntax unified
  83              		.thumb
  84              		.thumb_func
  86              	HAL_CAN_MspInit:
  87              	.LVL0:
  88              	.LFB66:
  79:Core/Src/stm32f1xx_hal_msp.c **** 
  80:Core/Src/stm32f1xx_hal_msp.c **** /**
  81:Core/Src/stm32f1xx_hal_msp.c **** * @brief CAN MSP Initialization
  82:Core/Src/stm32f1xx_hal_msp.c **** * This function configures the hardware resources used in this example
  83:Core/Src/stm32f1xx_hal_msp.c **** * @param hcan: CAN handle pointer
  84:Core/Src/stm32f1xx_hal_msp.c **** * @retval None
  85:Core/Src/stm32f1xx_hal_msp.c **** */
  86:Core/Src/stm32f1xx_hal_msp.c **** void HAL_CAN_MspInit(CAN_HandleTypeDef* hcan)
ARM GAS  C:\Users\SAURAV~1\AppData\Local\Temp\ccLZlY0F.s 			page 4


  87:Core/Src/stm32f1xx_hal_msp.c **** {
  89              		.loc 1 87 1 is_stmt 1 view -0
  90              		.cfi_startproc
  91              		@ args = 0, pretend = 0, frame = 24
  92              		@ frame_needed = 0, uses_anonymous_args = 0
  93              		.loc 1 87 1 is_stmt 0 view .LVU15
  94 0000 10B5     		push	{r4, lr}
  95              	.LCFI2:
  96              		.cfi_def_cfa_offset 8
  97              		.cfi_offset 4, -8
  98              		.cfi_offset 14, -4
  99 0002 86B0     		sub	sp, sp, #24
 100              	.LCFI3:
 101              		.cfi_def_cfa_offset 32
  88:Core/Src/stm32f1xx_hal_msp.c ****   GPIO_InitTypeDef GPIO_InitStruct = {0};
 102              		.loc 1 88 3 is_stmt 1 view .LVU16
 103              		.loc 1 88 20 is_stmt 0 view .LVU17
 104 0004 0023     		movs	r3, #0
 105 0006 0293     		str	r3, [sp, #8]
 106 0008 0393     		str	r3, [sp, #12]
 107 000a 0493     		str	r3, [sp, #16]
 108 000c 0593     		str	r3, [sp, #20]
  89:Core/Src/stm32f1xx_hal_msp.c ****   if(hcan->Instance==CAN1)
 109              		.loc 1 89 3 is_stmt 1 view .LVU18
 110              		.loc 1 89 10 is_stmt 0 view .LVU19
 111 000e 0268     		ldr	r2, [r0]
 112              		.loc 1 89 5 view .LVU20
 113 0010 1B4B     		ldr	r3, .L9
 114 0012 9A42     		cmp	r2, r3
 115 0014 01D0     		beq	.L8
 116              	.LVL1:
 117              	.L5:
  90:Core/Src/stm32f1xx_hal_msp.c ****   {
  91:Core/Src/stm32f1xx_hal_msp.c ****   /* USER CODE BEGIN CAN1_MspInit 0 */
  92:Core/Src/stm32f1xx_hal_msp.c **** 
  93:Core/Src/stm32f1xx_hal_msp.c ****   /* USER CODE END CAN1_MspInit 0 */
  94:Core/Src/stm32f1xx_hal_msp.c ****     /* Peripheral clock enable */
  95:Core/Src/stm32f1xx_hal_msp.c ****     __HAL_RCC_CAN1_CLK_ENABLE();
  96:Core/Src/stm32f1xx_hal_msp.c **** 
  97:Core/Src/stm32f1xx_hal_msp.c ****     __HAL_RCC_GPIOA_CLK_ENABLE();
  98:Core/Src/stm32f1xx_hal_msp.c ****     /**CAN GPIO Configuration
  99:Core/Src/stm32f1xx_hal_msp.c ****     PA11     ------> CAN_RX
 100:Core/Src/stm32f1xx_hal_msp.c ****     PA12     ------> CAN_TX
 101:Core/Src/stm32f1xx_hal_msp.c ****     */
 102:Core/Src/stm32f1xx_hal_msp.c ****     GPIO_InitStruct.Pin = GPIO_PIN_11;
 103:Core/Src/stm32f1xx_hal_msp.c ****     GPIO_InitStruct.Mode = GPIO_MODE_INPUT;
 104:Core/Src/stm32f1xx_hal_msp.c ****     GPIO_InitStruct.Pull = GPIO_PULLUP;
 105:Core/Src/stm32f1xx_hal_msp.c ****     HAL_GPIO_Init(GPIOA, &GPIO_InitStruct);
 106:Core/Src/stm32f1xx_hal_msp.c **** 
 107:Core/Src/stm32f1xx_hal_msp.c ****     GPIO_InitStruct.Pin = GPIO_PIN_12;
 108:Core/Src/stm32f1xx_hal_msp.c ****     GPIO_InitStruct.Mode = GPIO_MODE_AF_PP;
 109:Core/Src/stm32f1xx_hal_msp.c ****     GPIO_InitStruct.Speed = GPIO_SPEED_FREQ_HIGH;
 110:Core/Src/stm32f1xx_hal_msp.c ****     HAL_GPIO_Init(GPIOA, &GPIO_InitStruct);
 111:Core/Src/stm32f1xx_hal_msp.c **** 
 112:Core/Src/stm32f1xx_hal_msp.c ****     /* CAN1 interrupt Init */
 113:Core/Src/stm32f1xx_hal_msp.c ****     HAL_NVIC_SetPriority(USB_LP_CAN1_RX0_IRQn, 0, 0);
 114:Core/Src/stm32f1xx_hal_msp.c ****     HAL_NVIC_EnableIRQ(USB_LP_CAN1_RX0_IRQn);
ARM GAS  C:\Users\SAURAV~1\AppData\Local\Temp\ccLZlY0F.s 			page 5


 115:Core/Src/stm32f1xx_hal_msp.c ****   /* USER CODE BEGIN CAN1_MspInit 1 */
 116:Core/Src/stm32f1xx_hal_msp.c **** 
 117:Core/Src/stm32f1xx_hal_msp.c ****   /* USER CODE END CAN1_MspInit 1 */
 118:Core/Src/stm32f1xx_hal_msp.c ****   }
 119:Core/Src/stm32f1xx_hal_msp.c **** 
 120:Core/Src/stm32f1xx_hal_msp.c **** }
 118              		.loc 1 120 1 view .LVU21
 119 0016 06B0     		add	sp, sp, #24
 120              	.LCFI4:
 121              		.cfi_remember_state
 122              		.cfi_def_cfa_offset 8
 123              		@ sp needed
 124 0018 10BD     		pop	{r4, pc}
 125              	.LVL2:
 126              	.L8:
 127              	.LCFI5:
 128              		.cfi_restore_state
  95:Core/Src/stm32f1xx_hal_msp.c **** 
 129              		.loc 1 95 5 is_stmt 1 view .LVU22
 130              	.LBB4:
  95:Core/Src/stm32f1xx_hal_msp.c **** 
 131              		.loc 1 95 5 view .LVU23
  95:Core/Src/stm32f1xx_hal_msp.c **** 
 132              		.loc 1 95 5 view .LVU24
 133 001a 03F5D633 		add	r3, r3, #109568
 134 001e DA69     		ldr	r2, [r3, #28]
 135 0020 42F00072 		orr	r2, r2, #33554432
 136 0024 DA61     		str	r2, [r3, #28]
  95:Core/Src/stm32f1xx_hal_msp.c **** 
 137              		.loc 1 95 5 view .LVU25
 138 0026 DA69     		ldr	r2, [r3, #28]
 139 0028 02F00072 		and	r2, r2, #33554432
 140 002c 0092     		str	r2, [sp]
  95:Core/Src/stm32f1xx_hal_msp.c **** 
 141              		.loc 1 95 5 view .LVU26
 142 002e 009A     		ldr	r2, [sp]
 143              	.LBE4:
  95:Core/Src/stm32f1xx_hal_msp.c **** 
 144              		.loc 1 95 5 view .LVU27
  97:Core/Src/stm32f1xx_hal_msp.c ****     /**CAN GPIO Configuration
 145              		.loc 1 97 5 view .LVU28
 146              	.LBB5:
  97:Core/Src/stm32f1xx_hal_msp.c ****     /**CAN GPIO Configuration
 147              		.loc 1 97 5 view .LVU29
  97:Core/Src/stm32f1xx_hal_msp.c ****     /**CAN GPIO Configuration
 148              		.loc 1 97 5 view .LVU30
 149 0030 9A69     		ldr	r2, [r3, #24]
 150 0032 42F00402 		orr	r2, r2, #4
 151 0036 9A61     		str	r2, [r3, #24]
  97:Core/Src/stm32f1xx_hal_msp.c ****     /**CAN GPIO Configuration
 152              		.loc 1 97 5 view .LVU31
 153 0038 9B69     		ldr	r3, [r3, #24]
 154 003a 03F00403 		and	r3, r3, #4
 155 003e 0193     		str	r3, [sp, #4]
  97:Core/Src/stm32f1xx_hal_msp.c ****     /**CAN GPIO Configuration
 156              		.loc 1 97 5 view .LVU32
 157 0040 019B     		ldr	r3, [sp, #4]
ARM GAS  C:\Users\SAURAV~1\AppData\Local\Temp\ccLZlY0F.s 			page 6


 158              	.LBE5:
  97:Core/Src/stm32f1xx_hal_msp.c ****     /**CAN GPIO Configuration
 159              		.loc 1 97 5 view .LVU33
 102:Core/Src/stm32f1xx_hal_msp.c ****     GPIO_InitStruct.Mode = GPIO_MODE_INPUT;
 160              		.loc 1 102 5 view .LVU34
 102:Core/Src/stm32f1xx_hal_msp.c ****     GPIO_InitStruct.Mode = GPIO_MODE_INPUT;
 161              		.loc 1 102 25 is_stmt 0 view .LVU35
 162 0042 4FF40063 		mov	r3, #2048
 163 0046 0293     		str	r3, [sp, #8]
 103:Core/Src/stm32f1xx_hal_msp.c ****     GPIO_InitStruct.Pull = GPIO_PULLUP;
 164              		.loc 1 103 5 is_stmt 1 view .LVU36
 104:Core/Src/stm32f1xx_hal_msp.c ****     HAL_GPIO_Init(GPIOA, &GPIO_InitStruct);
 165              		.loc 1 104 5 view .LVU37
 104:Core/Src/stm32f1xx_hal_msp.c ****     HAL_GPIO_Init(GPIOA, &GPIO_InitStruct);
 166              		.loc 1 104 26 is_stmt 0 view .LVU38
 167 0048 0123     		movs	r3, #1
 168 004a 0493     		str	r3, [sp, #16]
 105:Core/Src/stm32f1xx_hal_msp.c **** 
 169              		.loc 1 105 5 is_stmt 1 view .LVU39
 170 004c 0D4C     		ldr	r4, .L9+4
 171 004e 02A9     		add	r1, sp, #8
 172 0050 2046     		mov	r0, r4
 173              	.LVL3:
 105:Core/Src/stm32f1xx_hal_msp.c **** 
 174              		.loc 1 105 5 is_stmt 0 view .LVU40
 175 0052 FFF7FEFF 		bl	HAL_GPIO_Init
 176              	.LVL4:
 107:Core/Src/stm32f1xx_hal_msp.c ****     GPIO_InitStruct.Mode = GPIO_MODE_AF_PP;
 177              		.loc 1 107 5 is_stmt 1 view .LVU41
 107:Core/Src/stm32f1xx_hal_msp.c ****     GPIO_InitStruct.Mode = GPIO_MODE_AF_PP;
 178              		.loc 1 107 25 is_stmt 0 view .LVU42
 179 0056 4FF48053 		mov	r3, #4096
 180 005a 0293     		str	r3, [sp, #8]
 108:Core/Src/stm32f1xx_hal_msp.c ****     GPIO_InitStruct.Speed = GPIO_SPEED_FREQ_HIGH;
 181              		.loc 1 108 5 is_stmt 1 view .LVU43
 108:Core/Src/stm32f1xx_hal_msp.c ****     GPIO_InitStruct.Speed = GPIO_SPEED_FREQ_HIGH;
 182              		.loc 1 108 26 is_stmt 0 view .LVU44
 183 005c 0223     		movs	r3, #2
 184 005e 0393     		str	r3, [sp, #12]
 109:Core/Src/stm32f1xx_hal_msp.c ****     HAL_GPIO_Init(GPIOA, &GPIO_InitStruct);
 185              		.loc 1 109 5 is_stmt 1 view .LVU45
 109:Core/Src/stm32f1xx_hal_msp.c ****     HAL_GPIO_Init(GPIOA, &GPIO_InitStruct);
 186              		.loc 1 109 27 is_stmt 0 view .LVU46
 187 0060 0323     		movs	r3, #3
 188 0062 0593     		str	r3, [sp, #20]
 110:Core/Src/stm32f1xx_hal_msp.c **** 
 189              		.loc 1 110 5 is_stmt 1 view .LVU47
 190 0064 02A9     		add	r1, sp, #8
 191 0066 2046     		mov	r0, r4
 192 0068 FFF7FEFF 		bl	HAL_GPIO_Init
 193              	.LVL5:
 113:Core/Src/stm32f1xx_hal_msp.c ****     HAL_NVIC_EnableIRQ(USB_LP_CAN1_RX0_IRQn);
 194              		.loc 1 113 5 view .LVU48
 195 006c 0022     		movs	r2, #0
 196 006e 1146     		mov	r1, r2
 197 0070 1420     		movs	r0, #20
 198 0072 FFF7FEFF 		bl	HAL_NVIC_SetPriority
ARM GAS  C:\Users\SAURAV~1\AppData\Local\Temp\ccLZlY0F.s 			page 7


 199              	.LVL6:
 114:Core/Src/stm32f1xx_hal_msp.c ****   /* USER CODE BEGIN CAN1_MspInit 1 */
 200              		.loc 1 114 5 view .LVU49
 201 0076 1420     		movs	r0, #20
 202 0078 FFF7FEFF 		bl	HAL_NVIC_EnableIRQ
 203              	.LVL7:
 204              		.loc 1 120 1 is_stmt 0 view .LVU50
 205 007c CBE7     		b	.L5
 206              	.L10:
 207 007e 00BF     		.align	2
 208              	.L9:
 209 0080 00640040 		.word	1073767424
 210 0084 00080140 		.word	1073809408
 211              		.cfi_endproc
 212              	.LFE66:
 214              		.section	.text.HAL_CAN_MspDeInit,"ax",%progbits
 215              		.align	1
 216              		.global	HAL_CAN_MspDeInit
 217              		.syntax unified
 218              		.thumb
 219              		.thumb_func
 221              	HAL_CAN_MspDeInit:
 222              	.LVL8:
 223              	.LFB67:
 121:Core/Src/stm32f1xx_hal_msp.c **** 
 122:Core/Src/stm32f1xx_hal_msp.c **** /**
 123:Core/Src/stm32f1xx_hal_msp.c **** * @brief CAN MSP De-Initialization
 124:Core/Src/stm32f1xx_hal_msp.c **** * This function freeze the hardware resources used in this example
 125:Core/Src/stm32f1xx_hal_msp.c **** * @param hcan: CAN handle pointer
 126:Core/Src/stm32f1xx_hal_msp.c **** * @retval None
 127:Core/Src/stm32f1xx_hal_msp.c **** */
 128:Core/Src/stm32f1xx_hal_msp.c **** void HAL_CAN_MspDeInit(CAN_HandleTypeDef* hcan)
 129:Core/Src/stm32f1xx_hal_msp.c **** {
 224              		.loc 1 129 1 is_stmt 1 view -0
 225              		.cfi_startproc
 226              		@ args = 0, pretend = 0, frame = 0
 227              		@ frame_needed = 0, uses_anonymous_args = 0
 228              		.loc 1 129 1 is_stmt 0 view .LVU52
 229 0000 08B5     		push	{r3, lr}
 230              	.LCFI6:
 231              		.cfi_def_cfa_offset 8
 232              		.cfi_offset 3, -8
 233              		.cfi_offset 14, -4
 130:Core/Src/stm32f1xx_hal_msp.c ****   if(hcan->Instance==CAN1)
 234              		.loc 1 130 3 is_stmt 1 view .LVU53
 235              		.loc 1 130 10 is_stmt 0 view .LVU54
 236 0002 0268     		ldr	r2, [r0]
 237              		.loc 1 130 5 view .LVU55
 238 0004 084B     		ldr	r3, .L15
 239 0006 9A42     		cmp	r2, r3
 240 0008 00D0     		beq	.L14
 241              	.LVL9:
 242              	.L11:
 131:Core/Src/stm32f1xx_hal_msp.c ****   {
 132:Core/Src/stm32f1xx_hal_msp.c ****   /* USER CODE BEGIN CAN1_MspDeInit 0 */
 133:Core/Src/stm32f1xx_hal_msp.c **** 
 134:Core/Src/stm32f1xx_hal_msp.c ****   /* USER CODE END CAN1_MspDeInit 0 */
ARM GAS  C:\Users\SAURAV~1\AppData\Local\Temp\ccLZlY0F.s 			page 8


 135:Core/Src/stm32f1xx_hal_msp.c ****     /* Peripheral clock disable */
 136:Core/Src/stm32f1xx_hal_msp.c ****     __HAL_RCC_CAN1_CLK_DISABLE();
 137:Core/Src/stm32f1xx_hal_msp.c **** 
 138:Core/Src/stm32f1xx_hal_msp.c ****     /**CAN GPIO Configuration
 139:Core/Src/stm32f1xx_hal_msp.c ****     PA11     ------> CAN_RX
 140:Core/Src/stm32f1xx_hal_msp.c ****     PA12     ------> CAN_TX
 141:Core/Src/stm32f1xx_hal_msp.c ****     */
 142:Core/Src/stm32f1xx_hal_msp.c ****     HAL_GPIO_DeInit(GPIOA, GPIO_PIN_11|GPIO_PIN_12);
 143:Core/Src/stm32f1xx_hal_msp.c **** 
 144:Core/Src/stm32f1xx_hal_msp.c ****     /* CAN1 interrupt DeInit */
 145:Core/Src/stm32f1xx_hal_msp.c ****     HAL_NVIC_DisableIRQ(USB_LP_CAN1_RX0_IRQn);
 146:Core/Src/stm32f1xx_hal_msp.c ****   /* USER CODE BEGIN CAN1_MspDeInit 1 */
 147:Core/Src/stm32f1xx_hal_msp.c **** 
 148:Core/Src/stm32f1xx_hal_msp.c ****   /* USER CODE END CAN1_MspDeInit 1 */
 149:Core/Src/stm32f1xx_hal_msp.c ****   }
 150:Core/Src/stm32f1xx_hal_msp.c **** 
 151:Core/Src/stm32f1xx_hal_msp.c **** }
 243              		.loc 1 151 1 view .LVU56
 244 000a 08BD     		pop	{r3, pc}
 245              	.LVL10:
 246              	.L14:
 136:Core/Src/stm32f1xx_hal_msp.c **** 
 247              		.loc 1 136 5 is_stmt 1 view .LVU57
 248 000c 074A     		ldr	r2, .L15+4
 249 000e D369     		ldr	r3, [r2, #28]
 250 0010 23F00073 		bic	r3, r3, #33554432
 251 0014 D361     		str	r3, [r2, #28]
 142:Core/Src/stm32f1xx_hal_msp.c **** 
 252              		.loc 1 142 5 view .LVU58
 253 0016 4FF4C051 		mov	r1, #6144
 254 001a 0548     		ldr	r0, .L15+8
 255              	.LVL11:
 142:Core/Src/stm32f1xx_hal_msp.c **** 
 256              		.loc 1 142 5 is_stmt 0 view .LVU59
 257 001c FFF7FEFF 		bl	HAL_GPIO_DeInit
 258              	.LVL12:
 145:Core/Src/stm32f1xx_hal_msp.c ****   /* USER CODE BEGIN CAN1_MspDeInit 1 */
 259              		.loc 1 145 5 is_stmt 1 view .LVU60
 260 0020 1420     		movs	r0, #20
 261 0022 FFF7FEFF 		bl	HAL_NVIC_DisableIRQ
 262              	.LVL13:
 263              		.loc 1 151 1 is_stmt 0 view .LVU61
 264 0026 F0E7     		b	.L11
 265              	.L16:
 266              		.align	2
 267              	.L15:
 268 0028 00640040 		.word	1073767424
 269 002c 00100240 		.word	1073876992
 270 0030 00080140 		.word	1073809408
 271              		.cfi_endproc
 272              	.LFE67:
 274              		.section	.text.HAL_I2C_MspInit,"ax",%progbits
 275              		.align	1
 276              		.global	HAL_I2C_MspInit
 277              		.syntax unified
 278              		.thumb
 279              		.thumb_func
ARM GAS  C:\Users\SAURAV~1\AppData\Local\Temp\ccLZlY0F.s 			page 9


 281              	HAL_I2C_MspInit:
 282              	.LVL14:
 283              	.LFB68:
 152:Core/Src/stm32f1xx_hal_msp.c **** 
 153:Core/Src/stm32f1xx_hal_msp.c **** /**
 154:Core/Src/stm32f1xx_hal_msp.c **** * @brief I2C MSP Initialization
 155:Core/Src/stm32f1xx_hal_msp.c **** * This function configures the hardware resources used in this example
 156:Core/Src/stm32f1xx_hal_msp.c **** * @param hi2c: I2C handle pointer
 157:Core/Src/stm32f1xx_hal_msp.c **** * @retval None
 158:Core/Src/stm32f1xx_hal_msp.c **** */
 159:Core/Src/stm32f1xx_hal_msp.c **** void HAL_I2C_MspInit(I2C_HandleTypeDef* hi2c)
 160:Core/Src/stm32f1xx_hal_msp.c **** {
 284              		.loc 1 160 1 is_stmt 1 view -0
 285              		.cfi_startproc
 286              		@ args = 0, pretend = 0, frame = 24
 287              		@ frame_needed = 0, uses_anonymous_args = 0
 288              		.loc 1 160 1 is_stmt 0 view .LVU63
 289 0000 10B5     		push	{r4, lr}
 290              	.LCFI7:
 291              		.cfi_def_cfa_offset 8
 292              		.cfi_offset 4, -8
 293              		.cfi_offset 14, -4
 294 0002 86B0     		sub	sp, sp, #24
 295              	.LCFI8:
 296              		.cfi_def_cfa_offset 32
 161:Core/Src/stm32f1xx_hal_msp.c ****   GPIO_InitTypeDef GPIO_InitStruct = {0};
 297              		.loc 1 161 3 is_stmt 1 view .LVU64
 298              		.loc 1 161 20 is_stmt 0 view .LVU65
 299 0004 0023     		movs	r3, #0
 300 0006 0293     		str	r3, [sp, #8]
 301 0008 0393     		str	r3, [sp, #12]
 302 000a 0493     		str	r3, [sp, #16]
 303 000c 0593     		str	r3, [sp, #20]
 162:Core/Src/stm32f1xx_hal_msp.c ****   if(hi2c->Instance==I2C1)
 304              		.loc 1 162 3 is_stmt 1 view .LVU66
 305              		.loc 1 162 10 is_stmt 0 view .LVU67
 306 000e 0268     		ldr	r2, [r0]
 307              		.loc 1 162 5 view .LVU68
 308 0010 114B     		ldr	r3, .L21
 309 0012 9A42     		cmp	r2, r3
 310 0014 01D0     		beq	.L20
 311              	.LVL15:
 312              	.L17:
 163:Core/Src/stm32f1xx_hal_msp.c ****   {
 164:Core/Src/stm32f1xx_hal_msp.c ****   /* USER CODE BEGIN I2C1_MspInit 0 */
 165:Core/Src/stm32f1xx_hal_msp.c **** 
 166:Core/Src/stm32f1xx_hal_msp.c ****   /* USER CODE END I2C1_MspInit 0 */
 167:Core/Src/stm32f1xx_hal_msp.c **** 
 168:Core/Src/stm32f1xx_hal_msp.c ****     __HAL_RCC_GPIOB_CLK_ENABLE();
 169:Core/Src/stm32f1xx_hal_msp.c ****     /**I2C1 GPIO Configuration
 170:Core/Src/stm32f1xx_hal_msp.c ****     PB6     ------> I2C1_SCL
 171:Core/Src/stm32f1xx_hal_msp.c ****     PB7     ------> I2C1_SDA
 172:Core/Src/stm32f1xx_hal_msp.c ****     */
 173:Core/Src/stm32f1xx_hal_msp.c ****     GPIO_InitStruct.Pin = GPIO_PIN_6|GPIO_PIN_7;
 174:Core/Src/stm32f1xx_hal_msp.c ****     GPIO_InitStruct.Mode = GPIO_MODE_AF_OD;
 175:Core/Src/stm32f1xx_hal_msp.c ****     GPIO_InitStruct.Speed = GPIO_SPEED_FREQ_HIGH;
 176:Core/Src/stm32f1xx_hal_msp.c ****     HAL_GPIO_Init(GPIOB, &GPIO_InitStruct);
ARM GAS  C:\Users\SAURAV~1\AppData\Local\Temp\ccLZlY0F.s 			page 10


 177:Core/Src/stm32f1xx_hal_msp.c **** 
 178:Core/Src/stm32f1xx_hal_msp.c ****     /* Peripheral clock enable */
 179:Core/Src/stm32f1xx_hal_msp.c ****     __HAL_RCC_I2C1_CLK_ENABLE();
 180:Core/Src/stm32f1xx_hal_msp.c ****   /* USER CODE BEGIN I2C1_MspInit 1 */
 181:Core/Src/stm32f1xx_hal_msp.c **** 
 182:Core/Src/stm32f1xx_hal_msp.c ****   /* USER CODE END I2C1_MspInit 1 */
 183:Core/Src/stm32f1xx_hal_msp.c ****   }
 184:Core/Src/stm32f1xx_hal_msp.c **** 
 185:Core/Src/stm32f1xx_hal_msp.c **** }
 313              		.loc 1 185 1 view .LVU69
 314 0016 06B0     		add	sp, sp, #24
 315              	.LCFI9:
 316              		.cfi_remember_state
 317              		.cfi_def_cfa_offset 8
 318              		@ sp needed
 319 0018 10BD     		pop	{r4, pc}
 320              	.LVL16:
 321              	.L20:
 322              	.LCFI10:
 323              		.cfi_restore_state
 168:Core/Src/stm32f1xx_hal_msp.c ****     /**I2C1 GPIO Configuration
 324              		.loc 1 168 5 is_stmt 1 view .LVU70
 325              	.LBB6:
 168:Core/Src/stm32f1xx_hal_msp.c ****     /**I2C1 GPIO Configuration
 326              		.loc 1 168 5 view .LVU71
 168:Core/Src/stm32f1xx_hal_msp.c ****     /**I2C1 GPIO Configuration
 327              		.loc 1 168 5 view .LVU72
 328 001a 104C     		ldr	r4, .L21+4
 329 001c A369     		ldr	r3, [r4, #24]
 330 001e 43F00803 		orr	r3, r3, #8
 331 0022 A361     		str	r3, [r4, #24]
 168:Core/Src/stm32f1xx_hal_msp.c ****     /**I2C1 GPIO Configuration
 332              		.loc 1 168 5 view .LVU73
 333 0024 A369     		ldr	r3, [r4, #24]
 334 0026 03F00803 		and	r3, r3, #8
 335 002a 0093     		str	r3, [sp]
 168:Core/Src/stm32f1xx_hal_msp.c ****     /**I2C1 GPIO Configuration
 336              		.loc 1 168 5 view .LVU74
 337 002c 009B     		ldr	r3, [sp]
 338              	.LBE6:
 168:Core/Src/stm32f1xx_hal_msp.c ****     /**I2C1 GPIO Configuration
 339              		.loc 1 168 5 view .LVU75
 173:Core/Src/stm32f1xx_hal_msp.c ****     GPIO_InitStruct.Mode = GPIO_MODE_AF_OD;
 340              		.loc 1 173 5 view .LVU76
 173:Core/Src/stm32f1xx_hal_msp.c ****     GPIO_InitStruct.Mode = GPIO_MODE_AF_OD;
 341              		.loc 1 173 25 is_stmt 0 view .LVU77
 342 002e C023     		movs	r3, #192
 343 0030 0293     		str	r3, [sp, #8]
 174:Core/Src/stm32f1xx_hal_msp.c ****     GPIO_InitStruct.Speed = GPIO_SPEED_FREQ_HIGH;
 344              		.loc 1 174 5 is_stmt 1 view .LVU78
 174:Core/Src/stm32f1xx_hal_msp.c ****     GPIO_InitStruct.Speed = GPIO_SPEED_FREQ_HIGH;
 345              		.loc 1 174 26 is_stmt 0 view .LVU79
 346 0032 1223     		movs	r3, #18
 347 0034 0393     		str	r3, [sp, #12]
 175:Core/Src/stm32f1xx_hal_msp.c ****     HAL_GPIO_Init(GPIOB, &GPIO_InitStruct);
 348              		.loc 1 175 5 is_stmt 1 view .LVU80
 175:Core/Src/stm32f1xx_hal_msp.c ****     HAL_GPIO_Init(GPIOB, &GPIO_InitStruct);
ARM GAS  C:\Users\SAURAV~1\AppData\Local\Temp\ccLZlY0F.s 			page 11


 349              		.loc 1 175 27 is_stmt 0 view .LVU81
 350 0036 0323     		movs	r3, #3
 351 0038 0593     		str	r3, [sp, #20]
 176:Core/Src/stm32f1xx_hal_msp.c **** 
 352              		.loc 1 176 5 is_stmt 1 view .LVU82
 353 003a 02A9     		add	r1, sp, #8
 354 003c 0848     		ldr	r0, .L21+8
 355              	.LVL17:
 176:Core/Src/stm32f1xx_hal_msp.c **** 
 356              		.loc 1 176 5 is_stmt 0 view .LVU83
 357 003e FFF7FEFF 		bl	HAL_GPIO_Init
 358              	.LVL18:
 179:Core/Src/stm32f1xx_hal_msp.c ****   /* USER CODE BEGIN I2C1_MspInit 1 */
 359              		.loc 1 179 5 is_stmt 1 view .LVU84
 360              	.LBB7:
 179:Core/Src/stm32f1xx_hal_msp.c ****   /* USER CODE BEGIN I2C1_MspInit 1 */
 361              		.loc 1 179 5 view .LVU85
 179:Core/Src/stm32f1xx_hal_msp.c ****   /* USER CODE BEGIN I2C1_MspInit 1 */
 362              		.loc 1 179 5 view .LVU86
 363 0042 E369     		ldr	r3, [r4, #28]
 364 0044 43F40013 		orr	r3, r3, #2097152
 365 0048 E361     		str	r3, [r4, #28]
 179:Core/Src/stm32f1xx_hal_msp.c ****   /* USER CODE BEGIN I2C1_MspInit 1 */
 366              		.loc 1 179 5 view .LVU87
 367 004a E369     		ldr	r3, [r4, #28]
 368 004c 03F40013 		and	r3, r3, #2097152
 369 0050 0193     		str	r3, [sp, #4]
 179:Core/Src/stm32f1xx_hal_msp.c ****   /* USER CODE BEGIN I2C1_MspInit 1 */
 370              		.loc 1 179 5 view .LVU88
 371 0052 019B     		ldr	r3, [sp, #4]
 372              	.LBE7:
 179:Core/Src/stm32f1xx_hal_msp.c ****   /* USER CODE BEGIN I2C1_MspInit 1 */
 373              		.loc 1 179 5 view .LVU89
 374              		.loc 1 185 1 is_stmt 0 view .LVU90
 375 0054 DFE7     		b	.L17
 376              	.L22:
 377 0056 00BF     		.align	2
 378              	.L21:
 379 0058 00540040 		.word	1073763328
 380 005c 00100240 		.word	1073876992
 381 0060 000C0140 		.word	1073810432
 382              		.cfi_endproc
 383              	.LFE68:
 385              		.section	.text.HAL_I2C_MspDeInit,"ax",%progbits
 386              		.align	1
 387              		.global	HAL_I2C_MspDeInit
 388              		.syntax unified
 389              		.thumb
 390              		.thumb_func
 392              	HAL_I2C_MspDeInit:
 393              	.LVL19:
 394              	.LFB69:
 186:Core/Src/stm32f1xx_hal_msp.c **** 
 187:Core/Src/stm32f1xx_hal_msp.c **** /**
 188:Core/Src/stm32f1xx_hal_msp.c **** * @brief I2C MSP De-Initialization
 189:Core/Src/stm32f1xx_hal_msp.c **** * This function freeze the hardware resources used in this example
 190:Core/Src/stm32f1xx_hal_msp.c **** * @param hi2c: I2C handle pointer
ARM GAS  C:\Users\SAURAV~1\AppData\Local\Temp\ccLZlY0F.s 			page 12


 191:Core/Src/stm32f1xx_hal_msp.c **** * @retval None
 192:Core/Src/stm32f1xx_hal_msp.c **** */
 193:Core/Src/stm32f1xx_hal_msp.c **** void HAL_I2C_MspDeInit(I2C_HandleTypeDef* hi2c)
 194:Core/Src/stm32f1xx_hal_msp.c **** {
 395              		.loc 1 194 1 is_stmt 1 view -0
 396              		.cfi_startproc
 397              		@ args = 0, pretend = 0, frame = 0
 398              		@ frame_needed = 0, uses_anonymous_args = 0
 195:Core/Src/stm32f1xx_hal_msp.c ****   if(hi2c->Instance==I2C1)
 399              		.loc 1 195 3 view .LVU92
 400              		.loc 1 195 10 is_stmt 0 view .LVU93
 401 0000 0268     		ldr	r2, [r0]
 402              		.loc 1 195 5 view .LVU94
 403 0002 0A4B     		ldr	r3, .L30
 404 0004 9A42     		cmp	r2, r3
 405 0006 00D0     		beq	.L29
 406 0008 7047     		bx	lr
 407              	.L29:
 194:Core/Src/stm32f1xx_hal_msp.c ****   if(hi2c->Instance==I2C1)
 408              		.loc 1 194 1 view .LVU95
 409 000a 10B5     		push	{r4, lr}
 410              	.LCFI11:
 411              		.cfi_def_cfa_offset 8
 412              		.cfi_offset 4, -8
 413              		.cfi_offset 14, -4
 196:Core/Src/stm32f1xx_hal_msp.c ****   {
 197:Core/Src/stm32f1xx_hal_msp.c ****   /* USER CODE BEGIN I2C1_MspDeInit 0 */
 198:Core/Src/stm32f1xx_hal_msp.c **** 
 199:Core/Src/stm32f1xx_hal_msp.c ****   /* USER CODE END I2C1_MspDeInit 0 */
 200:Core/Src/stm32f1xx_hal_msp.c ****     /* Peripheral clock disable */
 201:Core/Src/stm32f1xx_hal_msp.c ****     __HAL_RCC_I2C1_CLK_DISABLE();
 414              		.loc 1 201 5 is_stmt 1 view .LVU96
 415 000c 084A     		ldr	r2, .L30+4
 416 000e D369     		ldr	r3, [r2, #28]
 417 0010 23F40013 		bic	r3, r3, #2097152
 418 0014 D361     		str	r3, [r2, #28]
 202:Core/Src/stm32f1xx_hal_msp.c **** 
 203:Core/Src/stm32f1xx_hal_msp.c ****     /**I2C1 GPIO Configuration
 204:Core/Src/stm32f1xx_hal_msp.c ****     PB6     ------> I2C1_SCL
 205:Core/Src/stm32f1xx_hal_msp.c ****     PB7     ------> I2C1_SDA
 206:Core/Src/stm32f1xx_hal_msp.c ****     */
 207:Core/Src/stm32f1xx_hal_msp.c ****     HAL_GPIO_DeInit(GPIOB, GPIO_PIN_6);
 419              		.loc 1 207 5 view .LVU97
 420 0016 074C     		ldr	r4, .L30+8
 421 0018 4021     		movs	r1, #64
 422 001a 2046     		mov	r0, r4
 423              	.LVL20:
 424              		.loc 1 207 5 is_stmt 0 view .LVU98
 425 001c FFF7FEFF 		bl	HAL_GPIO_DeInit
 426              	.LVL21:
 208:Core/Src/stm32f1xx_hal_msp.c **** 
 209:Core/Src/stm32f1xx_hal_msp.c ****     HAL_GPIO_DeInit(GPIOB, GPIO_PIN_7);
 427              		.loc 1 209 5 is_stmt 1 view .LVU99
 428 0020 8021     		movs	r1, #128
 429 0022 2046     		mov	r0, r4
 430 0024 FFF7FEFF 		bl	HAL_GPIO_DeInit
 431              	.LVL22:
ARM GAS  C:\Users\SAURAV~1\AppData\Local\Temp\ccLZlY0F.s 			page 13


 210:Core/Src/stm32f1xx_hal_msp.c **** 
 211:Core/Src/stm32f1xx_hal_msp.c ****   /* USER CODE BEGIN I2C1_MspDeInit 1 */
 212:Core/Src/stm32f1xx_hal_msp.c **** 
 213:Core/Src/stm32f1xx_hal_msp.c ****   /* USER CODE END I2C1_MspDeInit 1 */
 214:Core/Src/stm32f1xx_hal_msp.c ****   }
 215:Core/Src/stm32f1xx_hal_msp.c **** 
 216:Core/Src/stm32f1xx_hal_msp.c **** }
 432              		.loc 1 216 1 is_stmt 0 view .LVU100
 433 0028 10BD     		pop	{r4, pc}
 434              	.L31:
 435 002a 00BF     		.align	2
 436              	.L30:
 437 002c 00540040 		.word	1073763328
 438 0030 00100240 		.word	1073876992
 439 0034 000C0140 		.word	1073810432
 440              		.cfi_endproc
 441              	.LFE69:
 443              		.section	.text.HAL_UART_MspInit,"ax",%progbits
 444              		.align	1
 445              		.global	HAL_UART_MspInit
 446              		.syntax unified
 447              		.thumb
 448              		.thumb_func
 450              	HAL_UART_MspInit:
 451              	.LVL23:
 452              	.LFB70:
 217:Core/Src/stm32f1xx_hal_msp.c **** 
 218:Core/Src/stm32f1xx_hal_msp.c **** /**
 219:Core/Src/stm32f1xx_hal_msp.c **** * @brief UART MSP Initialization
 220:Core/Src/stm32f1xx_hal_msp.c **** * This function configures the hardware resources used in this example
 221:Core/Src/stm32f1xx_hal_msp.c **** * @param huart: UART handle pointer
 222:Core/Src/stm32f1xx_hal_msp.c **** * @retval None
 223:Core/Src/stm32f1xx_hal_msp.c **** */
 224:Core/Src/stm32f1xx_hal_msp.c **** void HAL_UART_MspInit(UART_HandleTypeDef* huart)
 225:Core/Src/stm32f1xx_hal_msp.c **** {
 453              		.loc 1 225 1 is_stmt 1 view -0
 454              		.cfi_startproc
 455              		@ args = 0, pretend = 0, frame = 24
 456              		@ frame_needed = 0, uses_anonymous_args = 0
 457              		.loc 1 225 1 is_stmt 0 view .LVU102
 458 0000 10B5     		push	{r4, lr}
 459              	.LCFI12:
 460              		.cfi_def_cfa_offset 8
 461              		.cfi_offset 4, -8
 462              		.cfi_offset 14, -4
 463 0002 86B0     		sub	sp, sp, #24
 464              	.LCFI13:
 465              		.cfi_def_cfa_offset 32
 226:Core/Src/stm32f1xx_hal_msp.c ****   GPIO_InitTypeDef GPIO_InitStruct = {0};
 466              		.loc 1 226 3 is_stmt 1 view .LVU103
 467              		.loc 1 226 20 is_stmt 0 view .LVU104
 468 0004 0023     		movs	r3, #0
 469 0006 0293     		str	r3, [sp, #8]
 470 0008 0393     		str	r3, [sp, #12]
 471 000a 0493     		str	r3, [sp, #16]
 472 000c 0593     		str	r3, [sp, #20]
 227:Core/Src/stm32f1xx_hal_msp.c ****   if(huart->Instance==USART1)
ARM GAS  C:\Users\SAURAV~1\AppData\Local\Temp\ccLZlY0F.s 			page 14


 473              		.loc 1 227 3 is_stmt 1 view .LVU105
 474              		.loc 1 227 11 is_stmt 0 view .LVU106
 475 000e 0268     		ldr	r2, [r0]
 476              		.loc 1 227 5 view .LVU107
 477 0010 174B     		ldr	r3, .L36
 478 0012 9A42     		cmp	r2, r3
 479 0014 01D0     		beq	.L35
 480              	.LVL24:
 481              	.L32:
 228:Core/Src/stm32f1xx_hal_msp.c ****   {
 229:Core/Src/stm32f1xx_hal_msp.c ****   /* USER CODE BEGIN USART1_MspInit 0 */
 230:Core/Src/stm32f1xx_hal_msp.c **** 
 231:Core/Src/stm32f1xx_hal_msp.c ****   /* USER CODE END USART1_MspInit 0 */
 232:Core/Src/stm32f1xx_hal_msp.c ****     /* Peripheral clock enable */
 233:Core/Src/stm32f1xx_hal_msp.c ****     __HAL_RCC_USART1_CLK_ENABLE();
 234:Core/Src/stm32f1xx_hal_msp.c **** 
 235:Core/Src/stm32f1xx_hal_msp.c ****     __HAL_RCC_GPIOA_CLK_ENABLE();
 236:Core/Src/stm32f1xx_hal_msp.c ****     /**USART1 GPIO Configuration
 237:Core/Src/stm32f1xx_hal_msp.c ****     PA9     ------> USART1_TX
 238:Core/Src/stm32f1xx_hal_msp.c ****     PA10     ------> USART1_RX
 239:Core/Src/stm32f1xx_hal_msp.c ****     */
 240:Core/Src/stm32f1xx_hal_msp.c ****     GPIO_InitStruct.Pin = GPIO_PIN_9;
 241:Core/Src/stm32f1xx_hal_msp.c ****     GPIO_InitStruct.Mode = GPIO_MODE_AF_PP;
 242:Core/Src/stm32f1xx_hal_msp.c ****     GPIO_InitStruct.Speed = GPIO_SPEED_FREQ_HIGH;
 243:Core/Src/stm32f1xx_hal_msp.c ****     HAL_GPIO_Init(GPIOA, &GPIO_InitStruct);
 244:Core/Src/stm32f1xx_hal_msp.c **** 
 245:Core/Src/stm32f1xx_hal_msp.c ****     GPIO_InitStruct.Pin = GPIO_PIN_10;
 246:Core/Src/stm32f1xx_hal_msp.c ****     GPIO_InitStruct.Mode = GPIO_MODE_INPUT;
 247:Core/Src/stm32f1xx_hal_msp.c ****     GPIO_InitStruct.Pull = GPIO_NOPULL;
 248:Core/Src/stm32f1xx_hal_msp.c ****     HAL_GPIO_Init(GPIOA, &GPIO_InitStruct);
 249:Core/Src/stm32f1xx_hal_msp.c **** 
 250:Core/Src/stm32f1xx_hal_msp.c ****   /* USER CODE BEGIN USART1_MspInit 1 */
 251:Core/Src/stm32f1xx_hal_msp.c **** 
 252:Core/Src/stm32f1xx_hal_msp.c ****   /* USER CODE END USART1_MspInit 1 */
 253:Core/Src/stm32f1xx_hal_msp.c ****   }
 254:Core/Src/stm32f1xx_hal_msp.c **** 
 255:Core/Src/stm32f1xx_hal_msp.c **** }
 482              		.loc 1 255 1 view .LVU108
 483 0016 06B0     		add	sp, sp, #24
 484              	.LCFI14:
 485              		.cfi_remember_state
 486              		.cfi_def_cfa_offset 8
 487              		@ sp needed
 488 0018 10BD     		pop	{r4, pc}
 489              	.LVL25:
 490              	.L35:
 491              	.LCFI15:
 492              		.cfi_restore_state
 233:Core/Src/stm32f1xx_hal_msp.c **** 
 493              		.loc 1 233 5 is_stmt 1 view .LVU109
 494              	.LBB8:
 233:Core/Src/stm32f1xx_hal_msp.c **** 
 495              		.loc 1 233 5 view .LVU110
 233:Core/Src/stm32f1xx_hal_msp.c **** 
 496              		.loc 1 233 5 view .LVU111
 497 001a 03F55843 		add	r3, r3, #55296
 498 001e 9A69     		ldr	r2, [r3, #24]
ARM GAS  C:\Users\SAURAV~1\AppData\Local\Temp\ccLZlY0F.s 			page 15


 499 0020 42F48042 		orr	r2, r2, #16384
 500 0024 9A61     		str	r2, [r3, #24]
 233:Core/Src/stm32f1xx_hal_msp.c **** 
 501              		.loc 1 233 5 view .LVU112
 502 0026 9A69     		ldr	r2, [r3, #24]
 503 0028 02F48042 		and	r2, r2, #16384
 504 002c 0092     		str	r2, [sp]
 233:Core/Src/stm32f1xx_hal_msp.c **** 
 505              		.loc 1 233 5 view .LVU113
 506 002e 009A     		ldr	r2, [sp]
 507              	.LBE8:
 233:Core/Src/stm32f1xx_hal_msp.c **** 
 508              		.loc 1 233 5 view .LVU114
 235:Core/Src/stm32f1xx_hal_msp.c ****     /**USART1 GPIO Configuration
 509              		.loc 1 235 5 view .LVU115
 510              	.LBB9:
 235:Core/Src/stm32f1xx_hal_msp.c ****     /**USART1 GPIO Configuration
 511              		.loc 1 235 5 view .LVU116
 235:Core/Src/stm32f1xx_hal_msp.c ****     /**USART1 GPIO Configuration
 512              		.loc 1 235 5 view .LVU117
 513 0030 9A69     		ldr	r2, [r3, #24]
 514 0032 42F00402 		orr	r2, r2, #4
 515 0036 9A61     		str	r2, [r3, #24]
 235:Core/Src/stm32f1xx_hal_msp.c ****     /**USART1 GPIO Configuration
 516              		.loc 1 235 5 view .LVU118
 517 0038 9B69     		ldr	r3, [r3, #24]
 518 003a 03F00403 		and	r3, r3, #4
 519 003e 0193     		str	r3, [sp, #4]
 235:Core/Src/stm32f1xx_hal_msp.c ****     /**USART1 GPIO Configuration
 520              		.loc 1 235 5 view .LVU119
 521 0040 019B     		ldr	r3, [sp, #4]
 522              	.LBE9:
 235:Core/Src/stm32f1xx_hal_msp.c ****     /**USART1 GPIO Configuration
 523              		.loc 1 235 5 view .LVU120
 240:Core/Src/stm32f1xx_hal_msp.c ****     GPIO_InitStruct.Mode = GPIO_MODE_AF_PP;
 524              		.loc 1 240 5 view .LVU121
 240:Core/Src/stm32f1xx_hal_msp.c ****     GPIO_InitStruct.Mode = GPIO_MODE_AF_PP;
 525              		.loc 1 240 25 is_stmt 0 view .LVU122
 526 0042 4FF40073 		mov	r3, #512
 527 0046 0293     		str	r3, [sp, #8]
 241:Core/Src/stm32f1xx_hal_msp.c ****     GPIO_InitStruct.Speed = GPIO_SPEED_FREQ_HIGH;
 528              		.loc 1 241 5 is_stmt 1 view .LVU123
 241:Core/Src/stm32f1xx_hal_msp.c ****     GPIO_InitStruct.Speed = GPIO_SPEED_FREQ_HIGH;
 529              		.loc 1 241 26 is_stmt 0 view .LVU124
 530 0048 0223     		movs	r3, #2
 531 004a 0393     		str	r3, [sp, #12]
 242:Core/Src/stm32f1xx_hal_msp.c ****     HAL_GPIO_Init(GPIOA, &GPIO_InitStruct);
 532              		.loc 1 242 5 is_stmt 1 view .LVU125
 242:Core/Src/stm32f1xx_hal_msp.c ****     HAL_GPIO_Init(GPIOA, &GPIO_InitStruct);
 533              		.loc 1 242 27 is_stmt 0 view .LVU126
 534 004c 0323     		movs	r3, #3
 535 004e 0593     		str	r3, [sp, #20]
 243:Core/Src/stm32f1xx_hal_msp.c **** 
 536              		.loc 1 243 5 is_stmt 1 view .LVU127
 537 0050 084C     		ldr	r4, .L36+4
 538 0052 02A9     		add	r1, sp, #8
 539 0054 2046     		mov	r0, r4
ARM GAS  C:\Users\SAURAV~1\AppData\Local\Temp\ccLZlY0F.s 			page 16


 540              	.LVL26:
 243:Core/Src/stm32f1xx_hal_msp.c **** 
 541              		.loc 1 243 5 is_stmt 0 view .LVU128
 542 0056 FFF7FEFF 		bl	HAL_GPIO_Init
 543              	.LVL27:
 245:Core/Src/stm32f1xx_hal_msp.c ****     GPIO_InitStruct.Mode = GPIO_MODE_INPUT;
 544              		.loc 1 245 5 is_stmt 1 view .LVU129
 245:Core/Src/stm32f1xx_hal_msp.c ****     GPIO_InitStruct.Mode = GPIO_MODE_INPUT;
 545              		.loc 1 245 25 is_stmt 0 view .LVU130
 546 005a 4FF48063 		mov	r3, #1024
 547 005e 0293     		str	r3, [sp, #8]
 246:Core/Src/stm32f1xx_hal_msp.c ****     GPIO_InitStruct.Pull = GPIO_NOPULL;
 548              		.loc 1 246 5 is_stmt 1 view .LVU131
 246:Core/Src/stm32f1xx_hal_msp.c ****     GPIO_InitStruct.Pull = GPIO_NOPULL;
 549              		.loc 1 246 26 is_stmt 0 view .LVU132
 550 0060 0023     		movs	r3, #0
 551 0062 0393     		str	r3, [sp, #12]
 247:Core/Src/stm32f1xx_hal_msp.c ****     HAL_GPIO_Init(GPIOA, &GPIO_InitStruct);
 552              		.loc 1 247 5 is_stmt 1 view .LVU133
 247:Core/Src/stm32f1xx_hal_msp.c ****     HAL_GPIO_Init(GPIOA, &GPIO_InitStruct);
 553              		.loc 1 247 26 is_stmt 0 view .LVU134
 554 0064 0493     		str	r3, [sp, #16]
 248:Core/Src/stm32f1xx_hal_msp.c **** 
 555              		.loc 1 248 5 is_stmt 1 view .LVU135
 556 0066 02A9     		add	r1, sp, #8
 557 0068 2046     		mov	r0, r4
 558 006a FFF7FEFF 		bl	HAL_GPIO_Init
 559              	.LVL28:
 560              		.loc 1 255 1 is_stmt 0 view .LVU136
 561 006e D2E7     		b	.L32
 562              	.L37:
 563              		.align	2
 564              	.L36:
 565 0070 00380140 		.word	1073821696
 566 0074 00080140 		.word	1073809408
 567              		.cfi_endproc
 568              	.LFE70:
 570              		.section	.text.HAL_UART_MspDeInit,"ax",%progbits
 571              		.align	1
 572              		.global	HAL_UART_MspDeInit
 573              		.syntax unified
 574              		.thumb
 575              		.thumb_func
 577              	HAL_UART_MspDeInit:
 578              	.LVL29:
 579              	.LFB71:
 256:Core/Src/stm32f1xx_hal_msp.c **** 
 257:Core/Src/stm32f1xx_hal_msp.c **** /**
 258:Core/Src/stm32f1xx_hal_msp.c **** * @brief UART MSP De-Initialization
 259:Core/Src/stm32f1xx_hal_msp.c **** * This function freeze the hardware resources used in this example
 260:Core/Src/stm32f1xx_hal_msp.c **** * @param huart: UART handle pointer
 261:Core/Src/stm32f1xx_hal_msp.c **** * @retval None
 262:Core/Src/stm32f1xx_hal_msp.c **** */
 263:Core/Src/stm32f1xx_hal_msp.c **** void HAL_UART_MspDeInit(UART_HandleTypeDef* huart)
 264:Core/Src/stm32f1xx_hal_msp.c **** {
 580              		.loc 1 264 1 is_stmt 1 view -0
 581              		.cfi_startproc
ARM GAS  C:\Users\SAURAV~1\AppData\Local\Temp\ccLZlY0F.s 			page 17


 582              		@ args = 0, pretend = 0, frame = 0
 583              		@ frame_needed = 0, uses_anonymous_args = 0
 584              		.loc 1 264 1 is_stmt 0 view .LVU138
 585 0000 08B5     		push	{r3, lr}
 586              	.LCFI16:
 587              		.cfi_def_cfa_offset 8
 588              		.cfi_offset 3, -8
 589              		.cfi_offset 14, -4
 265:Core/Src/stm32f1xx_hal_msp.c ****   if(huart->Instance==USART1)
 590              		.loc 1 265 3 is_stmt 1 view .LVU139
 591              		.loc 1 265 11 is_stmt 0 view .LVU140
 592 0002 0268     		ldr	r2, [r0]
 593              		.loc 1 265 5 view .LVU141
 594 0004 074B     		ldr	r3, .L42
 595 0006 9A42     		cmp	r2, r3
 596 0008 00D0     		beq	.L41
 597              	.LVL30:
 598              	.L38:
 266:Core/Src/stm32f1xx_hal_msp.c ****   {
 267:Core/Src/stm32f1xx_hal_msp.c ****   /* USER CODE BEGIN USART1_MspDeInit 0 */
 268:Core/Src/stm32f1xx_hal_msp.c **** 
 269:Core/Src/stm32f1xx_hal_msp.c ****   /* USER CODE END USART1_MspDeInit 0 */
 270:Core/Src/stm32f1xx_hal_msp.c ****     /* Peripheral clock disable */
 271:Core/Src/stm32f1xx_hal_msp.c ****     __HAL_RCC_USART1_CLK_DISABLE();
 272:Core/Src/stm32f1xx_hal_msp.c **** 
 273:Core/Src/stm32f1xx_hal_msp.c ****     /**USART1 GPIO Configuration
 274:Core/Src/stm32f1xx_hal_msp.c ****     PA9     ------> USART1_TX
 275:Core/Src/stm32f1xx_hal_msp.c ****     PA10     ------> USART1_RX
 276:Core/Src/stm32f1xx_hal_msp.c ****     */
 277:Core/Src/stm32f1xx_hal_msp.c ****     HAL_GPIO_DeInit(GPIOA, GPIO_PIN_9|GPIO_PIN_10);
 278:Core/Src/stm32f1xx_hal_msp.c **** 
 279:Core/Src/stm32f1xx_hal_msp.c ****   /* USER CODE BEGIN USART1_MspDeInit 1 */
 280:Core/Src/stm32f1xx_hal_msp.c **** 
 281:Core/Src/stm32f1xx_hal_msp.c ****   /* USER CODE END USART1_MspDeInit 1 */
 282:Core/Src/stm32f1xx_hal_msp.c ****   }
 283:Core/Src/stm32f1xx_hal_msp.c **** 
 284:Core/Src/stm32f1xx_hal_msp.c **** }
 599              		.loc 1 284 1 view .LVU142
 600 000a 08BD     		pop	{r3, pc}
 601              	.LVL31:
 602              	.L41:
 271:Core/Src/stm32f1xx_hal_msp.c **** 
 603              		.loc 1 271 5 is_stmt 1 view .LVU143
 604 000c 064A     		ldr	r2, .L42+4
 605 000e 9369     		ldr	r3, [r2, #24]
 606 0010 23F48043 		bic	r3, r3, #16384
 607 0014 9361     		str	r3, [r2, #24]
 277:Core/Src/stm32f1xx_hal_msp.c **** 
 608              		.loc 1 277 5 view .LVU144
 609 0016 4FF4C061 		mov	r1, #1536
 610 001a 0448     		ldr	r0, .L42+8
 611              	.LVL32:
 277:Core/Src/stm32f1xx_hal_msp.c **** 
 612              		.loc 1 277 5 is_stmt 0 view .LVU145
 613 001c FFF7FEFF 		bl	HAL_GPIO_DeInit
 614              	.LVL33:
 615              		.loc 1 284 1 view .LVU146
ARM GAS  C:\Users\SAURAV~1\AppData\Local\Temp\ccLZlY0F.s 			page 18


 616 0020 F3E7     		b	.L38
 617              	.L43:
 618 0022 00BF     		.align	2
 619              	.L42:
 620 0024 00380140 		.word	1073821696
 621 0028 00100240 		.word	1073876992
 622 002c 00080140 		.word	1073809408
 623              		.cfi_endproc
 624              	.LFE71:
 626              		.text
 627              	.Letext0:
 628              		.file 2 "c:\\users\\saurav raj paudel\\desktop\\projects\\stm32\\tool\\gcc-arm-none-eabi-10.3-2021
 629              		.file 3 "c:\\users\\saurav raj paudel\\desktop\\projects\\stm32\\tool\\gcc-arm-none-eabi-10.3-2021
 630              		.file 4 "Drivers/CMSIS/Device/ST/STM32F1xx/Include/stm32f103xb.h"
 631              		.file 5 "Drivers/CMSIS/Device/ST/STM32F1xx/Include/stm32f1xx.h"
 632              		.file 6 "Drivers/STM32F1xx_HAL_Driver/Inc/stm32f1xx_hal_def.h"
 633              		.file 7 "Drivers/STM32F1xx_HAL_Driver/Inc/stm32f1xx_hal_gpio.h"
 634              		.file 8 "Drivers/STM32F1xx_HAL_Driver/Inc/stm32f1xx_hal_dma.h"
 635              		.file 9 "Drivers/STM32F1xx_HAL_Driver/Inc/stm32f1xx_hal_can.h"
 636              		.file 10 "Drivers/STM32F1xx_HAL_Driver/Inc/stm32f1xx_hal_i2c.h"
 637              		.file 11 "Drivers/STM32F1xx_HAL_Driver/Inc/stm32f1xx_hal_uart.h"
 638              		.file 12 "Drivers/STM32F1xx_HAL_Driver/Inc/stm32f1xx_hal_cortex.h"
ARM GAS  C:\Users\SAURAV~1\AppData\Local\Temp\ccLZlY0F.s 			page 19


DEFINED SYMBOLS
                            *ABS*:00000000 stm32f1xx_hal_msp.c
C:\Users\SAURAV~1\AppData\Local\Temp\ccLZlY0F.s:18     .text.HAL_MspInit:00000000 $t
C:\Users\SAURAV~1\AppData\Local\Temp\ccLZlY0F.s:24     .text.HAL_MspInit:00000000 HAL_MspInit
C:\Users\SAURAV~1\AppData\Local\Temp\ccLZlY0F.s:75     .text.HAL_MspInit:0000002c $d
C:\Users\SAURAV~1\AppData\Local\Temp\ccLZlY0F.s:80     .text.HAL_CAN_MspInit:00000000 $t
C:\Users\SAURAV~1\AppData\Local\Temp\ccLZlY0F.s:86     .text.HAL_CAN_MspInit:00000000 HAL_CAN_MspInit
C:\Users\SAURAV~1\AppData\Local\Temp\ccLZlY0F.s:209    .text.HAL_CAN_MspInit:00000080 $d
C:\Users\SAURAV~1\AppData\Local\Temp\ccLZlY0F.s:215    .text.HAL_CAN_MspDeInit:00000000 $t
C:\Users\SAURAV~1\AppData\Local\Temp\ccLZlY0F.s:221    .text.HAL_CAN_MspDeInit:00000000 HAL_CAN_MspDeInit
C:\Users\SAURAV~1\AppData\Local\Temp\ccLZlY0F.s:268    .text.HAL_CAN_MspDeInit:00000028 $d
C:\Users\SAURAV~1\AppData\Local\Temp\ccLZlY0F.s:275    .text.HAL_I2C_MspInit:00000000 $t
C:\Users\SAURAV~1\AppData\Local\Temp\ccLZlY0F.s:281    .text.HAL_I2C_MspInit:00000000 HAL_I2C_MspInit
C:\Users\SAURAV~1\AppData\Local\Temp\ccLZlY0F.s:379    .text.HAL_I2C_MspInit:00000058 $d
C:\Users\SAURAV~1\AppData\Local\Temp\ccLZlY0F.s:386    .text.HAL_I2C_MspDeInit:00000000 $t
C:\Users\SAURAV~1\AppData\Local\Temp\ccLZlY0F.s:392    .text.HAL_I2C_MspDeInit:00000000 HAL_I2C_MspDeInit
C:\Users\SAURAV~1\AppData\Local\Temp\ccLZlY0F.s:437    .text.HAL_I2C_MspDeInit:0000002c $d
C:\Users\SAURAV~1\AppData\Local\Temp\ccLZlY0F.s:444    .text.HAL_UART_MspInit:00000000 $t
C:\Users\SAURAV~1\AppData\Local\Temp\ccLZlY0F.s:450    .text.HAL_UART_MspInit:00000000 HAL_UART_MspInit
C:\Users\SAURAV~1\AppData\Local\Temp\ccLZlY0F.s:565    .text.HAL_UART_MspInit:00000070 $d
C:\Users\SAURAV~1\AppData\Local\Temp\ccLZlY0F.s:571    .text.HAL_UART_MspDeInit:00000000 $t
C:\Users\SAURAV~1\AppData\Local\Temp\ccLZlY0F.s:577    .text.HAL_UART_MspDeInit:00000000 HAL_UART_MspDeInit
C:\Users\SAURAV~1\AppData\Local\Temp\ccLZlY0F.s:620    .text.HAL_UART_MspDeInit:00000024 $d

UNDEFINED SYMBOLS
HAL_GPIO_Init
HAL_NVIC_SetPriority
HAL_NVIC_EnableIRQ
HAL_GPIO_DeInit
HAL_NVIC_DisableIRQ
